SPPAS version 1.9.6
Copyright (C) 2011-2018 Brigitte Bigi
Site web: http://www.sppas.org/
Contact: Brigitte Bigi(brigite.bigi@gmail.com)

------------------------------------------------------------------------------
                        Annotations automatiques: 
------------------------------------------------------------------------------

Date: 2018-05-30 09:22:13.654000
Langages selectionnés: 
  - Momel: 
  - INTSINT: 
  - IPUs Segmentation: 
  - Text Normalization: fra
  - Phonetization: fra
  - Alignment: fra
  - Syllabification: fra
  - Self-repetitions: fra
------------------------------------------------------------------------------

Fichiers sélectionnés: 
  - E:\bigi\Workspace\sppas\samples\samples-fra\AC track_0379.wav
  - E:\bigi\Workspace\sppas\samples\samples-fra\AG_éàç_0460.wav
  - E:\bigi\Workspace\sppas\samples\samples-fra\AP_track_0711.wav
  - E:\bigi\Workspace\sppas\samples\samples-fra\AP_track_0968.wav
  - E:\bigi\Workspace\sppas\samples\samples-fra\BX_track_0451.wav
  - E:\bigi\Workspace\sppas\samples\samples-fra\EB_track_0641.wav
  - E:\bigi\Workspace\sppas\samples\samples-fra\F_F_B003-P8.wav
  - E:\bigi\Workspace\sppas\samples\samples-fra\F_F_B003-P9.wav
  - E:\bigi\Workspace\sppas\samples\samples-fra\F_F_C006-P6.wav
  - E:\bigi\Workspace\sppas\samples\samples-fra\IM_track_0767.wav
  - E:\bigi\Workspace\sppas\samples\samples-fra\LJ_track_0431.wav
  - E:\bigi\Workspace\sppas\samples\samples-fra\MB_track_0674.wav
  - E:\bigi\Workspace\sppas\samples\samples-fra\MG_track_0702.wav
  - E:\bigi\Workspace\sppas\samples\samples-fra\ML_track_0597.wav
  - E:\bigi\Workspace\sppas\samples\samples-fra\NH_track_636.wav
  - E:\bigi\Workspace\sppas\samples\samples-fra\SR_track_631.wav
  - E:\bigi\Workspace\sppas\samples\samples-fra\YM_track_0182.wav
------------------------------------------------------------------------------

Annotations sélectionnées: 
  - Momel: sélectionné
  - INTSINT: sélectionné
  - IPUs Segmentation: désactivé
  - Text Normalization: sélectionné
  - Phonetization: sélectionné
  - Alignment: sélectionné
  - Syllabification: sélectionné
  - Self-repetitions: désactivé
------------------------------------------------------------------------------

Extension de fichiers: .xra

------------------------------------------------------------------------------
                        Momel
------------------------------------------------------------------------------
 ... Momel of file E:\bigi\Workspace\sppas\samples\samples-fra\AC track_0379.wav
 ...  ... Options: 
 ...  ...  ...  - lfen1: 30
 ...  ...  ...  - lfen2: 20
 ...  ...  ...  - hzinf: 50
 ...  ...  ...  - hzsup: 600
 ...  ...  ...  - glitch: True
 ...  ...  ...  - maxec: 1.04
 ...  ...  ...  - seuildiff_y: 0.05
 ...  ...  ...  - seuildiff_x: 5
 ...  ... Diagnostic: 
 ...  ...  ...  - E:\bigi\Workspace\sppas\samples\samples-fra\AC track_0379.PitchTier: Admis. De préférence, les noms de fichiers ne devraient pas contenir d'espaces.
 ...  ... [   INFO   ] 9 targets found.
 ...  ... [    OK    ] E:\bigi\Workspace\sppas\samples\samples-fra\AC track_0379-momel.xra

 ... Momel of file E:\bigi\Workspace\sppas\samples\samples-fra\AG_éàç_0460.wav
 ...  ... [ IGNORE  ] Failed to find a file with pitch values. Read the documentation for details.

 ... Momel of file E:\bigi\Workspace\sppas\samples\samples-fra\AP_track_0711.wav
 ...  ... [ IGNORE  ] Failed to find a file with pitch values. Read the documentation for details.

 ... Momel of file E:\bigi\Workspace\sppas\samples\samples-fra\AP_track_0968.wav
 ...  ... [ IGNORE  ] Failed to find a file with pitch values. Read the documentation for details.

 ... Momel of file E:\bigi\Workspace\sppas\samples\samples-fra\BX_track_0451.wav
 ...  ... [ IGNORE  ] Failed to find a file with pitch values. Read the documentation for details.

 ... Momel of file E:\bigi\Workspace\sppas\samples\samples-fra\EB_track_0641.wav
 ...  ... [ IGNORE  ] Failed to find a file with pitch values. Read the documentation for details.

 ... Momel of file E:\bigi\Workspace\sppas\samples\samples-fra\F_F_B003-P8.wav
 ...  ... [ IGNORE  ] Failed to find a file with pitch values. Read the documentation for details.

 ... Momel of file E:\bigi\Workspace\sppas\samples\samples-fra\F_F_B003-P9.wav
 ...  ... Options: 
 ...  ...  ...  - lfen1: 30
 ...  ...  ...  - lfen2: 20
 ...  ...  ...  - hzinf: 50
 ...  ...  ...  - hzsup: 600
 ...  ...  ...  - glitch: True
 ...  ...  ...  - maxec: 1.04
 ...  ...  ...  - seuildiff_y: 0.05
 ...  ...  ...  - seuildiff_x: 5
 ...  ... Diagnostic: 
 ...  ...  ...  - E:\bigi\Workspace\sppas\samples\samples-fra\F_F_B003-P9.hz: Valide. 
 ...  ... [   INFO   ] 71 targets found.
 ...  ... [    OK    ] E:\bigi\Workspace\sppas\samples\samples-fra\F_F_B003-P9-momel.xra

 ... Momel of file E:\bigi\Workspace\sppas\samples\samples-fra\F_F_C006-P6.wav
 ...  ... [ IGNORE  ] Failed to find a file with pitch values. Read the documentation for details.

 ... Momel of file E:\bigi\Workspace\sppas\samples\samples-fra\IM_track_0767.wav
 ...  ... [ IGNORE  ] Failed to find a file with pitch values. Read the documentation for details.

 ... Momel of file E:\bigi\Workspace\sppas\samples\samples-fra\LJ_track_0431.wav
 ...  ... [ IGNORE  ] Failed to find a file with pitch values. Read the documentation for details.

 ... Momel of file E:\bigi\Workspace\sppas\samples\samples-fra\MB_track_0674.wav
 ...  ... [ IGNORE  ] Failed to find a file with pitch values. Read the documentation for details.

 ... Momel of file E:\bigi\Workspace\sppas\samples\samples-fra\MG_track_0702.wav
 ...  ... [ IGNORE  ] Failed to find a file with pitch values. Read the documentation for details.

 ... Momel of file E:\bigi\Workspace\sppas\samples\samples-fra\ML_track_0597.wav
 ...  ... [ IGNORE  ] Failed to find a file with pitch values. Read the documentation for details.

 ... Momel of file E:\bigi\Workspace\sppas\samples\samples-fra\NH_track_636.wav
 ...  ... [ IGNORE  ] Failed to find a file with pitch values. Read the documentation for details.

 ... Momel of file E:\bigi\Workspace\sppas\samples\samples-fra\SR_track_631.wav
 ...  ... [ IGNORE  ] Failed to find a file with pitch values. Read the documentation for details.

 ... Momel of file E:\bigi\Workspace\sppas\samples\samples-fra\YM_track_0182.wav
 ...  ... [ IGNORE  ] Failed to find a file with pitch values. Read the documentation for details.

------------------------------------------------------------------------------
                        INTSINT
------------------------------------------------------------------------------
 ... INTSINT of file E:\bigi\Workspace\sppas\samples\samples-fra\AC track_0379.wav
 ...  ... [    OK    ] E:\bigi\Workspace\sppas\samples\samples-fra\AC track_0379-intsint.xra

 ... INTSINT of file E:\bigi\Workspace\sppas\samples\samples-fra\AG_éàç_0460.wav
 ...  ... [ IGNORE  ] Failed to find a file with momel targets. Read the documentation for details.

 ... INTSINT of file E:\bigi\Workspace\sppas\samples\samples-fra\AP_track_0711.wav
 ...  ... [ IGNORE  ] Failed to find a file with momel targets. Read the documentation for details.

 ... INTSINT of file E:\bigi\Workspace\sppas\samples\samples-fra\AP_track_0968.wav
 ...  ... [ IGNORE  ] Failed to find a file with momel targets. Read the documentation for details.

 ... INTSINT of file E:\bigi\Workspace\sppas\samples\samples-fra\BX_track_0451.wav
 ...  ... [ IGNORE  ] Failed to find a file with momel targets. Read the documentation for details.

 ... INTSINT of file E:\bigi\Workspace\sppas\samples\samples-fra\EB_track_0641.wav
 ...  ... [ IGNORE  ] Failed to find a file with momel targets. Read the documentation for details.

 ... INTSINT of file E:\bigi\Workspace\sppas\samples\samples-fra\F_F_B003-P8.wav
 ...  ... [ IGNORE  ] Failed to find a file with momel targets. Read the documentation for details.

 ... INTSINT of file E:\bigi\Workspace\sppas\samples\samples-fra\F_F_B003-P9.wav
 ...  ... [    OK    ] E:\bigi\Workspace\sppas\samples\samples-fra\F_F_B003-P9-intsint.xra

 ... INTSINT of file E:\bigi\Workspace\sppas\samples\samples-fra\F_F_C006-P6.wav
 ...  ... [ IGNORE  ] Failed to find a file with momel targets. Read the documentation for details.

 ... INTSINT of file E:\bigi\Workspace\sppas\samples\samples-fra\IM_track_0767.wav
 ...  ... [ IGNORE  ] Failed to find a file with momel targets. Read the documentation for details.

 ... INTSINT of file E:\bigi\Workspace\sppas\samples\samples-fra\LJ_track_0431.wav
 ...  ... [ IGNORE  ] Failed to find a file with momel targets. Read the documentation for details.

 ... INTSINT of file E:\bigi\Workspace\sppas\samples\samples-fra\MB_track_0674.wav
 ...  ... [ IGNORE  ] Failed to find a file with momel targets. Read the documentation for details.

 ... INTSINT of file E:\bigi\Workspace\sppas\samples\samples-fra\MG_track_0702.wav
 ...  ... [ IGNORE  ] Failed to find a file with momel targets. Read the documentation for details.

 ... INTSINT of file E:\bigi\Workspace\sppas\samples\samples-fra\ML_track_0597.wav
 ...  ... [ IGNORE  ] Failed to find a file with momel targets. Read the documentation for details.

 ... INTSINT of file E:\bigi\Workspace\sppas\samples\samples-fra\NH_track_636.wav
 ...  ... [ IGNORE  ] Failed to find a file with momel targets. Read the documentation for details.

 ... INTSINT of file E:\bigi\Workspace\sppas\samples\samples-fra\SR_track_631.wav
 ...  ... [ IGNORE  ] Failed to find a file with momel targets. Read the documentation for details.

 ... INTSINT of file E:\bigi\Workspace\sppas\samples\samples-fra\YM_track_0182.wav
 ...  ... [ IGNORE  ] Failed to find a file with momel targets. Read the documentation for details.

------------------------------------------------------------------------------
                        Text Normalization
------------------------------------------------------------------------------
 ... Text Normalization of file E:\bigi\Workspace\sppas\samples\samples-fra\AC track_0379.wav
 ...  ... Options: 
 ...  ...  ...  - faked: True
 ...  ...  ...  - std: True
 ...  ...  ...  - custom: True
 ...  ... Diagnostic: 
 ...  ...  ...  - E:\bigi\Workspace\sppas\samples\samples-fra\AC track_0379.TextGrid: Admis. De préférence, les noms de fichiers ne devraient pas contenir d'espaces.
 ...  ... [    OK    ] E:\bigi\Workspace\sppas\samples\samples-fra\AC track_0379-token.xra

 ... Text Normalization of file E:\bigi\Workspace\sppas\samples\samples-fra\AG_éàç_0460.wav
 ...  ... Options: 
 ...  ...  ...  - faked: True
 ...  ...  ...  - std: True
 ...  ...  ...  - custom: True
 ...  ... Diagnostic: 
 ...  ...  ...  - E:\bigi\Workspace\sppas\samples\samples-fra\AG_éàç_0460.TextGrid: Admis. De préférence, les noms de fichiers ne devraient contenir que des caractères US-ASCII.
 ...  ... [    OK    ] E:\bigi\Workspace\sppas\samples\samples-fra\AG_éàç_0460-token.xra

 ... Text Normalization of file E:\bigi\Workspace\sppas\samples\samples-fra\AP_track_0711.wav
 ...  ... Options: 
 ...  ...  ...  - faked: True
 ...  ...  ...  - std: True
 ...  ...  ...  - custom: True
 ...  ... Diagnostic: 
 ...  ...  ...  - E:\bigi\Workspace\sppas\samples\samples-fra\AP_track_0711.TextGrid: Valide. 
 ...  ... [    OK    ] E:\bigi\Workspace\sppas\samples\samples-fra\AP_track_0711-token.xra

 ... Text Normalization of file E:\bigi\Workspace\sppas\samples\samples-fra\AP_track_0968.wav
 ...  ... Options: 
 ...  ...  ...  - faked: True
 ...  ...  ...  - std: True
 ...  ...  ...  - custom: True
 ...  ... Diagnostic: 
 ...  ...  ...  - E:\bigi\Workspace\sppas\samples\samples-fra\AP_track_0968.TextGrid: Valide. 
 ...  ... [    OK    ] E:\bigi\Workspace\sppas\samples\samples-fra\AP_track_0968-token.xra

 ... Text Normalization of file E:\bigi\Workspace\sppas\samples\samples-fra\BX_track_0451.wav
 ...  ... Options: 
 ...  ...  ...  - faked: True
 ...  ...  ...  - std: True
 ...  ...  ...  - custom: True
 ...  ... Diagnostic: 
 ...  ...  ...  - E:\bigi\Workspace\sppas\samples\samples-fra\BX_track_0451.TextGrid: Valide. 
 ...  ... [    OK    ] E:\bigi\Workspace\sppas\samples\samples-fra\BX_track_0451-token.xra

 ... Text Normalization of file E:\bigi\Workspace\sppas\samples\samples-fra\EB_track_0641.wav
 ...  ... Options: 
 ...  ...  ...  - faked: True
 ...  ...  ...  - std: True
 ...  ...  ...  - custom: True
 ...  ... Diagnostic: 
 ...  ...  ...  - E:\bigi\Workspace\sppas\samples\samples-fra\EB_track_0641.TextGrid: Valide. 
 ...  ... [    OK    ] E:\bigi\Workspace\sppas\samples\samples-fra\EB_track_0641-token.xra

 ... Text Normalization of file E:\bigi\Workspace\sppas\samples\samples-fra\F_F_B003-P8.wav
 ...  ... Options: 
 ...  ...  ...  - faked: True
 ...  ...  ...  - std: True
 ...  ...  ...  - custom: True
 ...  ... Diagnostic: 
 ...  ...  ...  - E:\bigi\Workspace\sppas\samples\samples-fra\F_F_B003-P8.TextGrid: Valide. 
 ...  ... [    OK    ] E:\bigi\Workspace\sppas\samples\samples-fra\F_F_B003-P8-token.xra

 ... Text Normalization of file E:\bigi\Workspace\sppas\samples\samples-fra\F_F_B003-P9.wav
 ...  ... Options: 
 ...  ...  ...  - faked: True
 ...  ...  ...  - std: True
 ...  ...  ...  - custom: True
 ...  ... Diagnostic: 
 ...  ...  ...  - E:\bigi\Workspace\sppas\samples\samples-fra\F_F_B003-P9.TextGrid: Valide. 
 ...  ... [    OK    ] E:\bigi\Workspace\sppas\samples\samples-fra\F_F_B003-P9-token.xra

 ... Text Normalization of file E:\bigi\Workspace\sppas\samples\samples-fra\F_F_C006-P6.wav
 ...  ... Options: 
 ...  ...  ...  - faked: True
 ...  ...  ...  - std: True
 ...  ...  ...  - custom: True
 ...  ... Diagnostic: 
 ...  ...  ...  - E:\bigi\Workspace\sppas\samples\samples-fra\F_F_C006-P6.TextGrid: Valide. 
 ...  ... [    OK    ] E:\bigi\Workspace\sppas\samples\samples-fra\F_F_C006-P6-token.xra

 ... Text Normalization of file E:\bigi\Workspace\sppas\samples\samples-fra\IM_track_0767.wav
 ...  ... Options: 
 ...  ...  ...  - faked: True
 ...  ...  ...  - std: True
 ...  ...  ...  - custom: True
 ...  ... Diagnostic: 
 ...  ...  ...  - E:\bigi\Workspace\sppas\samples\samples-fra\IM_track_0767.TextGrid: Valide. 
 ...  ... [    OK    ] E:\bigi\Workspace\sppas\samples\samples-fra\IM_track_0767-token.xra

 ... Text Normalization of file E:\bigi\Workspace\sppas\samples\samples-fra\LJ_track_0431.wav
 ...  ... Options: 
 ...  ...  ...  - faked: True
 ...  ...  ...  - std: True
 ...  ...  ...  - custom: True
 ...  ... Diagnostic: 
 ...  ...  ...  - E:\bigi\Workspace\sppas\samples\samples-fra\LJ_track_0431.TextGrid: Valide. 
 ...  ... [    OK    ] E:\bigi\Workspace\sppas\samples\samples-fra\LJ_track_0431-token.xra

 ... Text Normalization of file E:\bigi\Workspace\sppas\samples\samples-fra\MB_track_0674.wav
 ...  ... Options: 
 ...  ...  ...  - faked: True
 ...  ...  ...  - std: True
 ...  ...  ...  - custom: True
 ...  ... Diagnostic: 
 ...  ...  ...  - E:\bigi\Workspace\sppas\samples\samples-fra\MB_track_0674.TextGrid: Valide. 
 ...  ... [    OK    ] E:\bigi\Workspace\sppas\samples\samples-fra\MB_track_0674-token.xra

 ... Text Normalization of file E:\bigi\Workspace\sppas\samples\samples-fra\MG_track_0702.wav
 ...  ... Options: 
 ...  ...  ...  - faked: True
 ...  ...  ...  - std: True
 ...  ...  ...  - custom: True
 ...  ... Diagnostic: 
 ...  ...  ...  - E:\bigi\Workspace\sppas\samples\samples-fra\MG_track_0702.TextGrid: Valide. 
 ...  ... [    OK    ] E:\bigi\Workspace\sppas\samples\samples-fra\MG_track_0702-token.xra

 ... Text Normalization of file E:\bigi\Workspace\sppas\samples\samples-fra\ML_track_0597.wav
 ...  ... Options: 
 ...  ...  ...  - faked: True
 ...  ...  ...  - std: True
 ...  ...  ...  - custom: True
 ...  ... Diagnostic: 
 ...  ...  ...  - E:\bigi\Workspace\sppas\samples\samples-fra\ML_track_0597.TextGrid: Valide. 
 ...  ... [    OK    ] E:\bigi\Workspace\sppas\samples\samples-fra\ML_track_0597-token.xra

 ... Text Normalization of file E:\bigi\Workspace\sppas\samples\samples-fra\NH_track_636.wav
 ...  ... Options: 
 ...  ...  ...  - faked: True
 ...  ...  ...  - std: True
 ...  ...  ...  - custom: True
 ...  ... Diagnostic: 
 ...  ...  ...  - E:\bigi\Workspace\sppas\samples\samples-fra\NH_track_636.TextGrid: Valide. 
 ...  ... [    OK    ] E:\bigi\Workspace\sppas\samples\samples-fra\NH_track_636-token.xra

 ... Text Normalization of file E:\bigi\Workspace\sppas\samples\samples-fra\SR_track_631.wav
 ...  ... Options: 
 ...  ...  ...  - faked: True
 ...  ...  ...  - std: True
 ...  ...  ...  - custom: True
 ...  ... Diagnostic: 
 ...  ...  ...  - E:\bigi\Workspace\sppas\samples\samples-fra\SR_track_631.TextGrid: Valide. 
 ...  ... [    OK    ] E:\bigi\Workspace\sppas\samples\samples-fra\SR_track_631-token.xra

 ... Text Normalization of file E:\bigi\Workspace\sppas\samples\samples-fra\YM_track_0182.wav
 ...  ... Options: 
 ...  ...  ...  - faked: True
 ...  ...  ...  - std: True
 ...  ...  ...  - custom: True
 ...  ... Diagnostic: 
 ...  ...  ...  - E:\bigi\Workspace\sppas\samples\samples-fra\YM_track_0182.TextGrid: Valide. 
 ...  ... [    OK    ] E:\bigi\Workspace\sppas\samples\samples-fra\YM_track_0182-token.xra

------------------------------------------------------------------------------
                        Phonetization
------------------------------------------------------------------------------
 ... Phonetization of file E:\bigi\Workspace\sppas\samples\samples-fra\AC track_0379.wav
 ...  ... Options: 
 ...  ...  ...  - phonunk: True
 ...  ...  ...  - usestdtokens: False
 ...  ... Diagnostic: 
 ...  ...  ...  - E:\bigi\Workspace\sppas\samples\samples-fra\AC track_0379-token.xra: Admis. De préférence, les noms de fichiers ne devraient pas contenir d'espaces.
 ...  ... [    OK    ] E:\bigi\Workspace\sppas\samples\samples-fra\AC track_0379-phon.xra

 ... Phonetization of file E:\bigi\Workspace\sppas\samples\samples-fra\AG_éàç_0460.wav
 ...  ... Options: 
 ...  ...  ...  - phonunk: True
 ...  ...  ...  - usestdtokens: False
 ...  ... Diagnostic: 
 ...  ...  ...  - E:\bigi\Workspace\sppas\samples\samples-fra\AG_éàç_0460-token.xra: Admis. De préférence, les noms de fichiers ne devraient contenir que des caractères US-ASCII.
 ...  ...  ... [ WARNING  ] dtfaçon est absent du dictionnaire et a été phonétisé automatiquement d-t-f-A/-s-O~|d-t-e-f-A/-s-O~|d-E-t-f-A/-s-O~|d-t-f-A/-s-O~-n
 ...  ... [    OK    ] E:\bigi\Workspace\sppas\samples\samples-fra\AG_éàç_0460-phon.xra

 ... Phonetization of file E:\bigi\Workspace\sppas\samples\samples-fra\AP_track_0711.wav
 ...  ... Options: 
 ...  ...  ...  - phonunk: True
 ...  ...  ...  - usestdtokens: False
 ...  ... Diagnostic: 
 ...  ...  ...  - E:\bigi\Workspace\sppas\samples\samples-fra\AP_track_0711-token.xra: Valide. 
 ...  ... [    OK    ] E:\bigi\Workspace\sppas\samples\samples-fra\AP_track_0711-phon.xra

 ... Phonetization of file E:\bigi\Workspace\sppas\samples\samples-fra\AP_track_0968.wav
 ...  ... Options: 
 ...  ...  ...  - phonunk: True
 ...  ...  ...  - usestdtokens: False
 ...  ... Diagnostic: 
 ...  ...  ...  - E:\bigi\Workspace\sppas\samples\samples-fra\AP_track_0968-token.xra: Valide. 
 ...  ... [    OK    ] E:\bigi\Workspace\sppas\samples\samples-fra\AP_track_0968-phon.xra

 ... Phonetization of file E:\bigi\Workspace\sppas\samples\samples-fra\BX_track_0451.wav
 ...  ... Options: 
 ...  ...  ...  - phonunk: True
 ...  ...  ...  - usestdtokens: False
 ...  ... Diagnostic: 
 ...  ...  ...  - E:\bigi\Workspace\sppas\samples\samples-fra\BX_track_0451-token.xra: Valide. 
 ...  ... [    OK    ] E:\bigi\Workspace\sppas\samples\samples-fra\BX_track_0451-phon.xra

 ... Phonetization of file E:\bigi\Workspace\sppas\samples\samples-fra\EB_track_0641.wav
 ...  ... Options: 
 ...  ...  ...  - phonunk: True
 ...  ...  ...  - usestdtokens: False
 ...  ... Diagnostic: 
 ...  ...  ...  - E:\bigi\Workspace\sppas\samples\samples-fra\EB_track_0641-token.xra: Valide. 
 ...  ...  ... [ WARNING  ] dtfasson est absent du dictionnaire et a été phonétisé automatiquement d-t-f-A/-s-O~|d-e-t-f-A/-s-O~|d-E-t-f-A/-s-O~|d-t-e-E-f-A/-s-O~
 ...  ... [    OK    ] E:\bigi\Workspace\sppas\samples\samples-fra\EB_track_0641-phon.xra

 ... Phonetization of file E:\bigi\Workspace\sppas\samples\samples-fra\F_F_B003-P8.wav
 ...  ... Options: 
 ...  ...  ...  - phonunk: True
 ...  ...  ...  - usestdtokens: False
 ...  ... Diagnostic: 
 ...  ...  ...  - E:\bigi\Workspace\sppas\samples\samples-fra\F_F_B003-P8-token.xra: Valide. 
 ...  ...  ... [ WARNING  ] chort- est absent du dictionnaire et a été phonétisé automatiquement S-O/-R-t
 ...  ... [    OK    ] E:\bigi\Workspace\sppas\samples\samples-fra\F_F_B003-P8-phon.xra

 ... Phonetization of file E:\bigi\Workspace\sppas\samples\samples-fra\F_F_B003-P9.wav
 ...  ... Options: 
 ...  ...  ...  - phonunk: True
 ...  ...  ...  - usestdtokens: False
 ...  ... Diagnostic: 
 ...  ...  ...  - E:\bigi\Workspace\sppas\samples\samples-fra\F_F_B003-P9-token.xra: Valide. 
 ...  ... [    OK    ] E:\bigi\Workspace\sppas\samples\samples-fra\F_F_B003-P9-phon.xra

 ... Phonetization of file E:\bigi\Workspace\sppas\samples\samples-fra\F_F_C006-P6.wav
 ...  ... Options: 
 ...  ...  ...  - phonunk: True
 ...  ...  ...  - usestdtokens: False
 ...  ... Diagnostic: 
 ...  ...  ...  - E:\bigi\Workspace\sppas\samples\samples-fra\F_F_C006-P6-token.xra: Valide. 
 ...  ...  ... [ WARNING  ] mille-neuf-cent-quatre-vingt-neuf est absent du dictionnaire et a été phonétisé automatiquement m-i-l-n-9-f-s-a~-k-A/-t-v-U~/-n-9-v|m-i-l-n-9-f-s-a~-k-A/-t-v-U~/-n-9-f|m-i-l-n-9-v-s-a~-k-A/-t-v-U~/-n-9-f|m-i-l-n-9-v-s-a~-k-A/-t-v-U~/-n-9-v
 ...  ...  ... [ WARNING  ] cent-trente-huit est absent du dictionnaire et a été phonétisé automatiquement s-a~-t-R-a~-t-y-i|s-a~-t-t-R-a~-t-y-i|s-a~-t-R-a~-t-y-i-t|s-a~-t-R-a~-t-j-y-i
 ...  ...  ... [ WARNING  ] cent-soixante-deux est absent du dictionnaire et a été phonétisé automatiquement s-a~-s-w-A/-s-a~-t-d-2|s-a~-s-w-A/-s-a~-t-d-z|s-a~-t-s-w-A/-s-a~-t-d-z|s-a~-s-w-A/-s-a~-t-@-d-2
 ...  ...  ... [ WARNING  ] tre- est absent du dictionnaire et a été phonétisé automatiquement t-R-@
 ...  ... [    OK    ] E:\bigi\Workspace\sppas\samples\samples-fra\F_F_C006-P6-phon.xra

 ... Phonetization of file E:\bigi\Workspace\sppas\samples\samples-fra\IM_track_0767.wav
 ...  ... Options: 
 ...  ...  ...  - phonunk: True
 ...  ...  ...  - usestdtokens: False
 ...  ... Diagnostic: 
 ...  ...  ...  - E:\bigi\Workspace\sppas\samples\samples-fra\IM_track_0767-token.xra: Valide. 
 ...  ... [    OK    ] E:\bigi\Workspace\sppas\samples\samples-fra\IM_track_0767-phon.xra

 ... Phonetization of file E:\bigi\Workspace\sppas\samples\samples-fra\LJ_track_0431.wav
 ...  ... Options: 
 ...  ...  ...  - phonunk: True
 ...  ...  ...  - usestdtokens: False
 ...  ... Diagnostic: 
 ...  ...  ...  - E:\bigi\Workspace\sppas\samples\samples-fra\LJ_track_0431-token.xra: Valide. 
 ...  ... [    OK    ] E:\bigi\Workspace\sppas\samples\samples-fra\LJ_track_0431-phon.xra

 ... Phonetization of file E:\bigi\Workspace\sppas\samples\samples-fra\MB_track_0674.wav
 ...  ... Options: 
 ...  ...  ...  - phonunk: True
 ...  ...  ...  - usestdtokens: False
 ...  ... Diagnostic: 
 ...  ...  ...  - E:\bigi\Workspace\sppas\samples\samples-fra\MB_track_0674-token.xra: Valide. 
 ...  ... [    OK    ] E:\bigi\Workspace\sppas\samples\samples-fra\MB_track_0674-phon.xra

 ... Phonetization of file E:\bigi\Workspace\sppas\samples\samples-fra\MG_track_0702.wav
 ...  ... Options: 
 ...  ...  ...  - phonunk: True
 ...  ...  ...  - usestdtokens: False
 ...  ... Diagnostic: 
 ...  ...  ...  - E:\bigi\Workspace\sppas\samples\samples-fra\MG_track_0702-token.xra: Valide. 
 ...  ... [    OK    ] E:\bigi\Workspace\sppas\samples\samples-fra\MG_track_0702-phon.xra

 ... Phonetization of file E:\bigi\Workspace\sppas\samples\samples-fra\ML_track_0597.wav
 ...  ... Options: 
 ...  ...  ...  - phonunk: True
 ...  ...  ...  - usestdtokens: False
 ...  ... Diagnostic: 
 ...  ...  ...  - E:\bigi\Workspace\sppas\samples\samples-fra\ML_track_0597-token.xra: Valide. 
 ...  ... [    OK    ] E:\bigi\Workspace\sppas\samples\samples-fra\ML_track_0597-phon.xra

 ... Phonetization of file E:\bigi\Workspace\sppas\samples\samples-fra\NH_track_636.wav
 ...  ... Options: 
 ...  ...  ...  - phonunk: True
 ...  ...  ...  - usestdtokens: False
 ...  ... Diagnostic: 
 ...  ...  ...  - E:\bigi\Workspace\sppas\samples\samples-fra\NH_track_636-token.xra: Valide. 
 ...  ... [    OK    ] E:\bigi\Workspace\sppas\samples\samples-fra\NH_track_636-phon.xra

 ... Phonetization of file E:\bigi\Workspace\sppas\samples\samples-fra\SR_track_631.wav
 ...  ... Options: 
 ...  ...  ...  - phonunk: True
 ...  ...  ...  - usestdtokens: False
 ...  ... Diagnostic: 
 ...  ...  ...  - E:\bigi\Workspace\sppas\samples\samples-fra\SR_track_631-token.xra: Valide. 
 ...  ...  ... [ WARNING  ] p- est absent du dictionnaire et a été phonétisé automatiquement p|p-e|p-E|p-A/-Z
 ...  ... [    OK    ] E:\bigi\Workspace\sppas\samples\samples-fra\SR_track_631-phon.xra

 ... Phonetization of file E:\bigi\Workspace\sppas\samples\samples-fra\YM_track_0182.wav
 ...  ... Options: 
 ...  ...  ...  - phonunk: True
 ...  ...  ...  - usestdtokens: False
 ...  ... Diagnostic: 
 ...  ...  ...  - E:\bigi\Workspace\sppas\samples\samples-fra\YM_track_0182-token.xra: Valide. 
 ...  ... [    OK    ] E:\bigi\Workspace\sppas\samples\samples-fra\YM_track_0182-phon.xra

------------------------------------------------------------------------------
                        Alignment
------------------------------------------------------------------------------
 ... Alignment of file E:\bigi\Workspace\sppas\samples\samples-fra\AC track_0379.wav
 ...  ... Options: 
 ...  ...  ...  - infersp: False
 ...  ...  ...  - activityduration: False
 ...  ...  ...  - basic: False
 ...  ...  ...  - aligner: julius
 ...  ...  ...  - clean: True
 ...  ...  ...  - activity: True
 ...  ...  ...  - phntok: False
 ...  ... Diagnostic: 
 ...  ...  ...  - E:\bigi\Workspace\sppas\samples\samples-fra\AC track_0379.wav: Admis. De préférence, les noms de fichiers ne devraient pas contenir d'espaces.
 ...  ...  ...  - E:\bigi\Workspace\sppas\samples\samples-fra\AC track_0379-phon.xra: Admis. De préférence, les noms de fichiers ne devraient pas contenir d'espaces.
 ...  ...  ...  - E:\bigi\Workspace\sppas\samples\samples-fra\AC track_0379-token.xra: Admis. De préférence, les noms de fichiers ne devraient pas contenir d'espaces.
 ...  ... Découpage en intervalles
 ...  ... Alignement de chaque intervalle
 ...  ...  ... Alignement de l'intervalle numéro 1.
 ...  ... Fusion des alignements
 ...  ...  ... Sauvegarde
 ...  ... [    OK    ] E:\bigi\Workspace\sppas\samples\samples-fra\AC track_0379-palign.xra

 ... Alignment of file E:\bigi\Workspace\sppas\samples\samples-fra\AG_éàç_0460.wav
 ...  ... Options: 
 ...  ...  ...  - infersp: False
 ...  ...  ...  - activityduration: False
 ...  ...  ...  - basic: False
 ...  ...  ...  - aligner: julius
 ...  ...  ...  - clean: True
 ...  ...  ...  - activity: True
 ...  ...  ...  - phntok: False
 ...  ... Diagnostic: 
 ...  ...  ...  - E:\bigi\Workspace\sppas\samples\samples-fra\AG_éàç_0460.wav: Admis. De préférence, les noms de fichiers ne devraient contenir que des caractères US-ASCII.
 ...  ...  ...  - E:\bigi\Workspace\sppas\samples\samples-fra\AG_éàç_0460-phon.xra: Admis. De préférence, les noms de fichiers ne devraient contenir que des caractères US-ASCII.
 ...  ...  ...  - E:\bigi\Workspace\sppas\samples\samples-fra\AG_éàç_0460-token.xra: Admis. De préférence, les noms de fichiers ne devraient contenir que des caractères US-ASCII.
 ...  ... Découpage en intervalles
 ...  ... Alignement de chaque intervalle
 ...  ...  ... Alignement de l'intervalle numéro 1.
 ...  ... Fusion des alignements
 ...  ...  ... Sauvegarde
 ...  ... [    OK    ] E:\bigi\Workspace\sppas\samples\samples-fra\AG_éàç_0460-palign.xra

 ... Alignment of file E:\bigi\Workspace\sppas\samples\samples-fra\AP_track_0711.wav
 ...  ... Options: 
 ...  ...  ...  - infersp: False
 ...  ...  ...  - activityduration: False
 ...  ...  ...  - basic: False
 ...  ...  ...  - aligner: julius
 ...  ...  ...  - clean: True
 ...  ...  ...  - activity: True
 ...  ...  ...  - phntok: False
 ...  ... Diagnostic: 
 ...  ...  ...  - E:\bigi\Workspace\sppas\samples\samples-fra\AP_track_0711.wav: Valide. 
 ...  ...  ...  - E:\bigi\Workspace\sppas\samples\samples-fra\AP_track_0711-phon.xra: Valide. 
 ...  ...  ...  - E:\bigi\Workspace\sppas\samples\samples-fra\AP_track_0711-token.xra: Valide. 
 ...  ... Découpage en intervalles
 ...  ... Alignement de chaque intervalle
 ...  ...  ... Alignement de l'intervalle numéro 1.
 ...  ... Fusion des alignements
 ...  ...  ... Sauvegarde
 ...  ... [    OK    ] E:\bigi\Workspace\sppas\samples\samples-fra\AP_track_0711-palign.xra

 ... Alignment of file E:\bigi\Workspace\sppas\samples\samples-fra\AP_track_0968.wav
 ...  ... Options: 
 ...  ...  ...  - infersp: False
 ...  ...  ...  - activityduration: False
 ...  ...  ...  - basic: False
 ...  ...  ...  - aligner: julius
 ...  ...  ...  - clean: True
 ...  ...  ...  - activity: True
 ...  ...  ...  - phntok: False
 ...  ... Diagnostic: 
 ...  ...  ...  - E:\bigi\Workspace\sppas\samples\samples-fra\AP_track_0968.wav: Valide. 
 ...  ...  ...  - E:\bigi\Workspace\sppas\samples\samples-fra\AP_track_0968-phon.xra: Valide. 
 ...  ...  ...  - E:\bigi\Workspace\sppas\samples\samples-fra\AP_track_0968-token.xra: Valide. 
 ...  ... Découpage en intervalles
 ...  ... Alignement de chaque intervalle
 ...  ...  ... Alignement de l'intervalle numéro 1.
 ...  ... Fusion des alignements
 ...  ...  ... Sauvegarde
 ...  ... [    OK    ] E:\bigi\Workspace\sppas\samples\samples-fra\AP_track_0968-palign.xra

 ... Alignment of file E:\bigi\Workspace\sppas\samples\samples-fra\BX_track_0451.wav
 ...  ... Options: 
 ...  ...  ...  - infersp: False
 ...  ...  ...  - activityduration: False
 ...  ...  ...  - basic: False
 ...  ...  ...  - aligner: julius
 ...  ...  ...  - clean: True
 ...  ...  ...  - activity: True
 ...  ...  ...  - phntok: False
 ...  ... Diagnostic: 
 ...  ...  ...  - E:\bigi\Workspace\sppas\samples\samples-fra\BX_track_0451.wav: Valide. 
 ...  ...  ...  - E:\bigi\Workspace\sppas\samples\samples-fra\BX_track_0451-phon.xra: Valide. 
 ...  ...  ...  - E:\bigi\Workspace\sppas\samples\samples-fra\BX_track_0451-token.xra: Valide. 
 ...  ... Découpage en intervalles
 ...  ... Alignement de chaque intervalle
 ...  ...  ... Alignement de l'intervalle numéro 1.
 ...  ... Fusion des alignements
 ...  ...  ... Sauvegarde
 ...  ... [    OK    ] E:\bigi\Workspace\sppas\samples\samples-fra\BX_track_0451-palign.xra

 ... Alignment of file E:\bigi\Workspace\sppas\samples\samples-fra\EB_track_0641.wav
 ...  ... Options: 
 ...  ...  ...  - infersp: False
 ...  ...  ...  - activityduration: False
 ...  ...  ...  - basic: False
 ...  ...  ...  - aligner: julius
 ...  ...  ...  - clean: True
 ...  ...  ...  - activity: True
 ...  ...  ...  - phntok: False
 ...  ... Diagnostic: 
 ...  ...  ...  - E:\bigi\Workspace\sppas\samples\samples-fra\EB_track_0641.wav: Valide. 
 ...  ...  ...  - E:\bigi\Workspace\sppas\samples\samples-fra\EB_track_0641-phon.xra: Valide. 
 ...  ...  ...  - E:\bigi\Workspace\sppas\samples\samples-fra\EB_track_0641-token.xra: Valide. 
 ...  ... Découpage en intervalles
 ...  ... Alignement de chaque intervalle
 ...  ...  ... Alignement de l'intervalle numéro 1.
 ...  ... Fusion des alignements
 ...  ...  ... Sauvegarde
 ...  ... [    OK    ] E:\bigi\Workspace\sppas\samples\samples-fra\EB_track_0641-palign.xra

 ... Alignment of file E:\bigi\Workspace\sppas\samples\samples-fra\F_F_B003-P8.wav
 ...  ... Options: 
 ...  ...  ...  - infersp: False
 ...  ...  ...  - activityduration: False
 ...  ...  ...  - basic: False
 ...  ...  ...  - aligner: julius
 ...  ...  ...  - clean: True
 ...  ...  ...  - activity: True
 ...  ...  ...  - phntok: False
 ...  ... Diagnostic: 
 ...  ...  ...  - E:\bigi\Workspace\sppas\samples\samples-fra\F_F_B003-P8.wav: Admis. La taux d'échantillonage d'un fichier audio est de préférence à 16000 Hz. Ce fichier est échantilloné à 44100 Hz, SPPAS créera une copie et travaillera sur celle-ci.
 ...  ...  ...  - E:\bigi\Workspace\sppas\samples\samples-fra\F_F_B003-P8-phon.xra: Valide. 
 ...  ...  ...  - E:\bigi\Workspace\sppas\samples\samples-fra\F_F_B003-P8-token.xra: Valide. 
 ...  ... Découpage en intervalles
 ...  ... Alignement de chaque intervalle
 ...  ...  ... Alignement de l'intervalle numéro 1.
 ...  ...  ... Alignement de l'intervalle numéro 2.
 ...  ...  ... [  ERREUR ] L'aligneur 'julius' a échoué dans la tâche de segmentation.
 ...  ...  ...  ... [   INFO   ] Julius search has failed to find the transcription in the audio file. Search error. ERROR: get_back_trellis_proceed: 00 _default: frame 0: no nodes left in beam, now terminates search

 ...  ...  ... Alignement de l'intervalle numéro 3.
 ...  ...  ... Alignement de l'intervalle numéro 4.
 ...  ...  ... Alignement de l'intervalle numéro 5.
 ...  ...  ... Alignement de l'intervalle numéro 6.
 ...  ...  ... Alignement de l'intervalle numéro 7.
 ...  ...  ... Alignement de l'intervalle numéro 8.
 ...  ...  ... Alignement de l'intervalle numéro 9.
 ...  ...  ... Alignement de l'intervalle numéro 10.
 ...  ...  ... Alignement de l'intervalle numéro 11.
 ...  ... Fusion des alignements
 ...  ...  ... Sauvegarde
 ...  ... [    OK    ] E:\bigi\Workspace\sppas\samples\samples-fra\F_F_B003-P8-palign.xra

 ... Alignment of file E:\bigi\Workspace\sppas\samples\samples-fra\F_F_B003-P9.wav
 ...  ... Options: 
 ...  ...  ...  - infersp: False
 ...  ...  ...  - activityduration: False
 ...  ...  ...  - basic: False
 ...  ...  ...  - aligner: julius
 ...  ...  ...  - clean: True
 ...  ...  ...  - activity: True
 ...  ...  ...  - phntok: False
 ...  ... Diagnostic: 
 ...  ...  ...  - E:\bigi\Workspace\sppas\samples\samples-fra\F_F_B003-P9.wav: Admis. La taux d'échantillonage d'un fichier audio est de préférence à 16000 Hz. Ce fichier est échantilloné à 44100 Hz, SPPAS créera une copie et travaillera sur celle-ci.
 ...  ...  ...  - E:\bigi\Workspace\sppas\samples\samples-fra\F_F_B003-P9-phon.xra: Valide. 
 ...  ...  ...  - E:\bigi\Workspace\sppas\samples\samples-fra\F_F_B003-P9-token.xra: Valide. 
 ...  ... Découpage en intervalles
 ...  ... Alignement de chaque intervalle
 ...  ...  ... Alignement de l'intervalle numéro 1.
 ...  ...  ... Alignement de l'intervalle numéro 2.
 ...  ...  ... Alignement de l'intervalle numéro 3.
 ...  ...  ... Alignement de l'intervalle numéro 4.
 ...  ...  ... Alignement de l'intervalle numéro 5.
 ...  ...  ... Alignement de l'intervalle numéro 6.
 ...  ...  ... Alignement de l'intervalle numéro 7.
 ...  ...  ... Alignement de l'intervalle numéro 8.
 ...  ...  ... Alignement de l'intervalle numéro 9.
 ...  ...  ... Alignement de l'intervalle numéro 10.
 ...  ...  ... Alignement de l'intervalle numéro 11.
 ...  ... Fusion des alignements
 ...  ...  ... Sauvegarde
 ...  ... [    OK    ] E:\bigi\Workspace\sppas\samples\samples-fra\F_F_B003-P9-palign.xra

 ... Alignment of file E:\bigi\Workspace\sppas\samples\samples-fra\F_F_C006-P6.wav
 ...  ... Options: 
 ...  ...  ...  - infersp: False
 ...  ...  ...  - activityduration: False
 ...  ...  ...  - basic: False
 ...  ...  ...  - aligner: julius
 ...  ...  ...  - clean: True
 ...  ...  ...  - activity: True
 ...  ...  ...  - phntok: False
 ...  ... Diagnostic: 
 ...  ...  ...  - E:\bigi\Workspace\sppas\samples\samples-fra\F_F_C006-P6.wav: Admis. La taux d'échantillonage d'un fichier audio est de préférence à 16000 Hz. Ce fichier est échantilloné à 44100 Hz, SPPAS créera une copie et travaillera sur celle-ci.
 ...  ...  ...  - E:\bigi\Workspace\sppas\samples\samples-fra\F_F_C006-P6-phon.xra: Valide. 
 ...  ...  ...  - E:\bigi\Workspace\sppas\samples\samples-fra\F_F_C006-P6-token.xra: Valide. 
 ...  ... Découpage en intervalles
 ...  ... Alignement de chaque intervalle
 ...  ...  ... Alignement de l'intervalle numéro 1.
 ...  ...  ... Alignement de l'intervalle numéro 2.
 ...  ...  ... Alignement de l'intervalle numéro 3.
 ...  ...  ... Alignement de l'intervalle numéro 4.
 ...  ...  ... Alignement de l'intervalle numéro 5.
 ...  ...  ... Alignement de l'intervalle numéro 6.
 ...  ...  ... Alignement de l'intervalle numéro 7.
 ...  ...  ... Alignement de l'intervalle numéro 8.
 ...  ...  ... Alignement de l'intervalle numéro 9.
 ...  ...  ... Alignement de l'intervalle numéro 10.
 ...  ...  ... Alignement de l'intervalle numéro 11.
 ...  ... Fusion des alignements
 ...  ...  ... Sauvegarde
 ...  ... [    OK    ] E:\bigi\Workspace\sppas\samples\samples-fra\F_F_C006-P6-palign.xra

 ... Alignment of file E:\bigi\Workspace\sppas\samples\samples-fra\IM_track_0767.wav
 ...  ... Options: 
 ...  ...  ...  - infersp: False
 ...  ...  ...  - activityduration: False
 ...  ...  ...  - basic: False
 ...  ...  ...  - aligner: julius
 ...  ...  ...  - clean: True
 ...  ...  ...  - activity: True
 ...  ...  ...  - phntok: False
 ...  ... Diagnostic: 
 ...  ...  ...  - E:\bigi\Workspace\sppas\samples\samples-fra\IM_track_0767.wav: Valide. 
 ...  ...  ...  - E:\bigi\Workspace\sppas\samples\samples-fra\IM_track_0767-phon.xra: Valide. 
 ...  ...  ...  - E:\bigi\Workspace\sppas\samples\samples-fra\IM_track_0767-token.xra: Valide. 
 ...  ... Découpage en intervalles
 ...  ... Alignement de chaque intervalle
 ...  ...  ... Alignement de l'intervalle numéro 1.
 ...  ... Fusion des alignements
 ...  ...  ... Sauvegarde
 ...  ... [    OK    ] E:\bigi\Workspace\sppas\samples\samples-fra\IM_track_0767-palign.xra

 ... Alignment of file E:\bigi\Workspace\sppas\samples\samples-fra\LJ_track_0431.wav
 ...  ... Options: 
 ...  ...  ...  - infersp: False
 ...  ...  ...  - activityduration: False
 ...  ...  ...  - basic: False
 ...  ...  ...  - aligner: julius
 ...  ...  ...  - clean: True
 ...  ...  ...  - activity: True
 ...  ...  ...  - phntok: False
 ...  ... Diagnostic: 
 ...  ...  ...  - E:\bigi\Workspace\sppas\samples\samples-fra\LJ_track_0431.wav: Valide. 
 ...  ...  ...  - E:\bigi\Workspace\sppas\samples\samples-fra\LJ_track_0431-phon.xra: Valide. 
 ...  ...  ...  - E:\bigi\Workspace\sppas\samples\samples-fra\LJ_track_0431-token.xra: Valide. 
 ...  ... Découpage en intervalles
 ...  ... Alignement de chaque intervalle
 ...  ...  ... Alignement de l'intervalle numéro 1.
 ...  ... Fusion des alignements
 ...  ...  ... Sauvegarde
 ...  ... [    OK    ] E:\bigi\Workspace\sppas\samples\samples-fra\LJ_track_0431-palign.xra

 ... Alignment of file E:\bigi\Workspace\sppas\samples\samples-fra\MB_track_0674.wav
 ...  ... Options: 
 ...  ...  ...  - infersp: False
 ...  ...  ...  - activityduration: False
 ...  ...  ...  - basic: False
 ...  ...  ...  - aligner: julius
 ...  ...  ...  - clean: True
 ...  ...  ...  - activity: True
 ...  ...  ...  - phntok: False
 ...  ... Diagnostic: 
 ...  ...  ...  - E:\bigi\Workspace\sppas\samples\samples-fra\MB_track_0674.wav: Valide. 
 ...  ...  ...  - E:\bigi\Workspace\sppas\samples\samples-fra\MB_track_0674-phon.xra: Valide. 
 ...  ...  ...  - E:\bigi\Workspace\sppas\samples\samples-fra\MB_track_0674-token.xra: Valide. 
 ...  ... Découpage en intervalles
 ...  ... Alignement de chaque intervalle
 ...  ...  ... Alignement de l'intervalle numéro 1.
 ...  ... Fusion des alignements
 ...  ...  ... Sauvegarde
 ...  ... [    OK    ] E:\bigi\Workspace\sppas\samples\samples-fra\MB_track_0674-palign.xra

 ... Alignment of file E:\bigi\Workspace\sppas\samples\samples-fra\MG_track_0702.wav
 ...  ... Options: 
 ...  ...  ...  - infersp: False
 ...  ...  ...  - activityduration: False
 ...  ...  ...  - basic: False
 ...  ...  ...  - aligner: julius
 ...  ...  ...  - clean: True
 ...  ...  ...  - activity: True
 ...  ...  ...  - phntok: False
 ...  ... Diagnostic: 
 ...  ...  ...  - E:\bigi\Workspace\sppas\samples\samples-fra\MG_track_0702.wav: Valide. 
 ...  ...  ...  - E:\bigi\Workspace\sppas\samples\samples-fra\MG_track_0702-phon.xra: Valide. 
 ...  ...  ...  - E:\bigi\Workspace\sppas\samples\samples-fra\MG_track_0702-token.xra: Valide. 
 ...  ... Découpage en intervalles
 ...  ... Alignement de chaque intervalle
 ...  ...  ... Alignement de l'intervalle numéro 1.
 ...  ... Fusion des alignements
 ...  ...  ... Sauvegarde
 ...  ... [    OK    ] E:\bigi\Workspace\sppas\samples\samples-fra\MG_track_0702-palign.xra

 ... Alignment of file E:\bigi\Workspace\sppas\samples\samples-fra\ML_track_0597.wav
 ...  ... Options: 
 ...  ...  ...  - infersp: False
 ...  ...  ...  - activityduration: False
 ...  ...  ...  - basic: False
 ...  ...  ...  - aligner: julius
 ...  ...  ...  - clean: True
 ...  ...  ...  - activity: True
 ...  ...  ...  - phntok: False
 ...  ... Diagnostic: 
 ...  ...  ...  - E:\bigi\Workspace\sppas\samples\samples-fra\ML_track_0597.wav: Valide. 
 ...  ...  ...  - E:\bigi\Workspace\sppas\samples\samples-fra\ML_track_0597-phon.xra: Valide. 
 ...  ...  ...  - E:\bigi\Workspace\sppas\samples\samples-fra\ML_track_0597-token.xra: Valide. 
 ...  ... Découpage en intervalles
 ...  ... Alignement de chaque intervalle
 ...  ...  ... Alignement de l'intervalle numéro 1.
 ...  ... Fusion des alignements
 ...  ...  ... Sauvegarde
 ...  ... [    OK    ] E:\bigi\Workspace\sppas\samples\samples-fra\ML_track_0597-palign.xra

 ... Alignment of file E:\bigi\Workspace\sppas\samples\samples-fra\NH_track_636.wav
 ...  ... Options: 
 ...  ...  ...  - infersp: False
 ...  ...  ...  - activityduration: False
 ...  ...  ...  - basic: False
 ...  ...  ...  - aligner: julius
 ...  ...  ...  - clean: True
 ...  ...  ...  - activity: True
 ...  ...  ...  - phntok: False
 ...  ... Diagnostic: 
 ...  ...  ...  - E:\bigi\Workspace\sppas\samples\samples-fra\NH_track_636.wav: Valide. 
 ...  ...  ...  - E:\bigi\Workspace\sppas\samples\samples-fra\NH_track_636-phon.xra: Valide. 
 ...  ...  ...  - E:\bigi\Workspace\sppas\samples\samples-fra\NH_track_636-token.xra: Valide. 
 ...  ... Découpage en intervalles
 ...  ... Alignement de chaque intervalle
 ...  ...  ... Alignement de l'intervalle numéro 1.
 ...  ... Fusion des alignements
 ...  ...  ... Sauvegarde
 ...  ... [    OK    ] E:\bigi\Workspace\sppas\samples\samples-fra\NH_track_636-palign.xra

 ... Alignment of file E:\bigi\Workspace\sppas\samples\samples-fra\SR_track_631.wav
 ...  ... Options: 
 ...  ...  ...  - infersp: False
 ...  ...  ...  - activityduration: False
 ...  ...  ...  - basic: False
 ...  ...  ...  - aligner: julius
 ...  ...  ...  - clean: True
 ...  ...  ...  - activity: True
 ...  ...  ...  - phntok: False
 ...  ... Diagnostic: 
 ...  ...  ...  - E:\bigi\Workspace\sppas\samples\samples-fra\SR_track_631.wav: Valide. 
 ...  ...  ...  - E:\bigi\Workspace\sppas\samples\samples-fra\SR_track_631-phon.xra: Valide. 
 ...  ...  ...  - E:\bigi\Workspace\sppas\samples\samples-fra\SR_track_631-token.xra: Valide. 
 ...  ... Découpage en intervalles
 ...  ... Alignement de chaque intervalle
 ...  ...  ... Alignement de l'intervalle numéro 1.
 ...  ... Fusion des alignements
 ...  ...  ... Sauvegarde
 ...  ... [    OK    ] E:\bigi\Workspace\sppas\samples\samples-fra\SR_track_631-palign.xra

 ... Alignment of file E:\bigi\Workspace\sppas\samples\samples-fra\YM_track_0182.wav
 ...  ... Options: 
 ...  ...  ...  - infersp: False
 ...  ...  ...  - activityduration: False
 ...  ...  ...  - basic: False
 ...  ...  ...  - aligner: julius
 ...  ...  ...  - clean: True
 ...  ...  ...  - activity: True
 ...  ...  ...  - phntok: False
 ...  ... Diagnostic: 
 ...  ...  ...  - E:\bigi\Workspace\sppas\samples\samples-fra\YM_track_0182.wav: Valide. 
 ...  ...  ...  - E:\bigi\Workspace\sppas\samples\samples-fra\YM_track_0182-phon.xra: Valide. 
 ...  ...  ...  - E:\bigi\Workspace\sppas\samples\samples-fra\YM_track_0182-token.xra: Valide. 
 ...  ... Découpage en intervalles
 ...  ... Alignement de chaque intervalle
 ...  ...  ... Alignement de l'intervalle numéro 1.
 ...  ... Fusion des alignements
 ...  ...  ... Sauvegarde
 ...  ... [    OK    ] E:\bigi\Workspace\sppas\samples\samples-fra\YM_track_0182-palign.xra

------------------------------------------------------------------------------
                        Syllabification
------------------------------------------------------------------------------
 ... Syllabification of file E:\bigi\Workspace\sppas\samples\samples-fra\AC track_0379.wav
 ...  ... Options: 
 ...  ...  ...  - usesphons: True
 ...  ...  ...  - tiername: TokensAlign
 ...  ...  ...  - usesintervals: False
 ...  ... Diagnostic: 
 ...  ...  ...  - E:\bigi\Workspace\sppas\samples\samples-fra\AC track_0379-palign.xra: Admis. De préférence, les noms de fichiers ne devraient pas contenir d'espaces.
 ...  ... [    OK    ] E:\bigi\Workspace\sppas\samples\samples-fra\AC track_0379-salign.xra

 ... Syllabification of file E:\bigi\Workspace\sppas\samples\samples-fra\AG_éàç_0460.wav
 ...  ... Options: 
 ...  ...  ...  - usesphons: True
 ...  ...  ...  - tiername: TokensAlign
 ...  ...  ...  - usesintervals: False
 ...  ... Diagnostic: 
 ...  ...  ...  - E:\bigi\Workspace\sppas\samples\samples-fra\AG_éàç_0460-palign.xra: Admis. De préférence, les noms de fichiers ne devraient contenir que des caractères US-ASCII.
 ...  ... [    OK    ] E:\bigi\Workspace\sppas\samples\samples-fra\AG_éàç_0460-salign.xra

 ... Syllabification of file E:\bigi\Workspace\sppas\samples\samples-fra\AP_track_0711.wav
 ...  ... Options: 
 ...  ...  ...  - usesphons: True
 ...  ...  ...  - tiername: TokensAlign
 ...  ...  ...  - usesintervals: False
 ...  ... Diagnostic: 
 ...  ...  ...  - E:\bigi\Workspace\sppas\samples\samples-fra\AP_track_0711-palign.xra: Valide. 
 ...  ... [    OK    ] E:\bigi\Workspace\sppas\samples\samples-fra\AP_track_0711-salign.xra

 ... Syllabification of file E:\bigi\Workspace\sppas\samples\samples-fra\AP_track_0968.wav
 ...  ... Options: 
 ...  ...  ...  - usesphons: True
 ...  ...  ...  - tiername: TokensAlign
 ...  ...  ...  - usesintervals: False
 ...  ... Diagnostic: 
 ...  ...  ...  - E:\bigi\Workspace\sppas\samples\samples-fra\AP_track_0968-palign.xra: Valide. 
 ...  ... [    OK    ] E:\bigi\Workspace\sppas\samples\samples-fra\AP_track_0968-salign.xra

 ... Syllabification of file E:\bigi\Workspace\sppas\samples\samples-fra\BX_track_0451.wav
 ...  ... Options: 
 ...  ...  ...  - usesphons: True
 ...  ...  ...  - tiername: TokensAlign
 ...  ...  ...  - usesintervals: False
 ...  ... Diagnostic: 
 ...  ...  ...  - E:\bigi\Workspace\sppas\samples\samples-fra\BX_track_0451-palign.xra: Valide. 
 ...  ... [    OK    ] E:\bigi\Workspace\sppas\samples\samples-fra\BX_track_0451-salign.xra

 ... Syllabification of file E:\bigi\Workspace\sppas\samples\samples-fra\EB_track_0641.wav
 ...  ... Options: 
 ...  ...  ...  - usesphons: True
 ...  ...  ...  - tiername: TokensAlign
 ...  ...  ...  - usesintervals: False
 ...  ... Diagnostic: 
 ...  ...  ...  - E:\bigi\Workspace\sppas\samples\samples-fra\EB_track_0641-palign.xra: Valide. 
 ...  ... [    OK    ] E:\bigi\Workspace\sppas\samples\samples-fra\EB_track_0641-salign.xra

 ... Syllabification of file E:\bigi\Workspace\sppas\samples\samples-fra\F_F_B003-P8.wav
 ...  ... Options: 
 ...  ...  ...  - usesphons: True
 ...  ...  ...  - tiername: TokensAlign
 ...  ...  ...  - usesintervals: False
 ...  ... Diagnostic: 
 ...  ...  ...  - E:\bigi\Workspace\sppas\samples\samples-fra\F_F_B003-P8-palign.xra: Valide. 
 ...  ... [    OK    ] E:\bigi\Workspace\sppas\samples\samples-fra\F_F_B003-P8-salign.xra

 ... Syllabification of file E:\bigi\Workspace\sppas\samples\samples-fra\F_F_B003-P9.wav
 ...  ... Options: 
 ...  ...  ...  - usesphons: True
 ...  ...  ...  - tiername: TokensAlign
 ...  ...  ...  - usesintervals: False
 ...  ... Diagnostic: 
 ...  ...  ...  - E:\bigi\Workspace\sppas\samples\samples-fra\F_F_B003-P9-palign.xra: Valide. 
 ...  ... [    OK    ] E:\bigi\Workspace\sppas\samples\samples-fra\F_F_B003-P9-salign.xra

 ... Syllabification of file E:\bigi\Workspace\sppas\samples\samples-fra\F_F_C006-P6.wav
 ...  ... Options: 
 ...  ...  ...  - usesphons: True
 ...  ...  ...  - tiername: TokensAlign
 ...  ...  ...  - usesintervals: False
 ...  ... Diagnostic: 
 ...  ...  ...  - E:\bigi\Workspace\sppas\samples\samples-fra\F_F_C006-P6-palign.xra: Valide. 
 ...  ... [    OK    ] E:\bigi\Workspace\sppas\samples\samples-fra\F_F_C006-P6-salign.xra

 ... Syllabification of file E:\bigi\Workspace\sppas\samples\samples-fra\IM_track_0767.wav
 ...  ... Options: 
 ...  ...  ...  - usesphons: True
 ...  ...  ...  - tiername: TokensAlign
 ...  ...  ...  - usesintervals: False
 ...  ... Diagnostic: 
 ...  ...  ...  - E:\bigi\Workspace\sppas\samples\samples-fra\IM_track_0767-palign.xra: Valide. 
 ...  ... [    OK    ] E:\bigi\Workspace\sppas\samples\samples-fra\IM_track_0767-salign.xra

 ... Syllabification of file E:\bigi\Workspace\sppas\samples\samples-fra\LJ_track_0431.wav
 ...  ... Options: 
 ...  ...  ...  - usesphons: True
 ...  ...  ...  - tiername: TokensAlign
 ...  ...  ...  - usesintervals: False
 ...  ... Diagnostic: 
 ...  ...  ...  - E:\bigi\Workspace\sppas\samples\samples-fra\LJ_track_0431-palign.xra: Valide. 
 ...  ... [    OK    ] E:\bigi\Workspace\sppas\samples\samples-fra\LJ_track_0431-salign.xra

 ... Syllabification of file E:\bigi\Workspace\sppas\samples\samples-fra\MB_track_0674.wav
 ...  ... Options: 
 ...  ...  ...  - usesphons: True
 ...  ...  ...  - tiername: TokensAlign
 ...  ...  ...  - usesintervals: False
 ...  ... Diagnostic: 
 ...  ...  ...  - E:\bigi\Workspace\sppas\samples\samples-fra\MB_track_0674-palign.xra: Valide. 
 ...  ... [    OK    ] E:\bigi\Workspace\sppas\samples\samples-fra\MB_track_0674-salign.xra

 ... Syllabification of file E:\bigi\Workspace\sppas\samples\samples-fra\MG_track_0702.wav
 ...  ... Options: 
 ...  ...  ...  - usesphons: True
 ...  ...  ...  - tiername: TokensAlign
 ...  ...  ...  - usesintervals: False
 ...  ... Diagnostic: 
 ...  ...  ...  - E:\bigi\Workspace\sppas\samples\samples-fra\MG_track_0702-palign.xra: Valide. 
 ...  ... [    OK    ] E:\bigi\Workspace\sppas\samples\samples-fra\MG_track_0702-salign.xra

 ... Syllabification of file E:\bigi\Workspace\sppas\samples\samples-fra\ML_track_0597.wav
 ...  ... Options: 
 ...  ...  ...  - usesphons: True
 ...  ...  ...  - tiername: TokensAlign
 ...  ...  ...  - usesintervals: False
 ...  ... Diagnostic: 
 ...  ...  ...  - E:\bigi\Workspace\sppas\samples\samples-fra\ML_track_0597-palign.xra: Valide. 
 ...  ... [    OK    ] E:\bigi\Workspace\sppas\samples\samples-fra\ML_track_0597-salign.xra

 ... Syllabification of file E:\bigi\Workspace\sppas\samples\samples-fra\NH_track_636.wav
 ...  ... Options: 
 ...  ...  ...  - usesphons: True
 ...  ...  ...  - tiername: TokensAlign
 ...  ...  ...  - usesintervals: False
 ...  ... Diagnostic: 
 ...  ...  ...  - E:\bigi\Workspace\sppas\samples\samples-fra\NH_track_636-palign.xra: Valide. 
 ...  ... [    OK    ] E:\bigi\Workspace\sppas\samples\samples-fra\NH_track_636-salign.xra

 ... Syllabification of file E:\bigi\Workspace\sppas\samples\samples-fra\SR_track_631.wav
 ...  ... Options: 
 ...  ...  ...  - usesphons: True
 ...  ...  ...  - tiername: TokensAlign
 ...  ...  ...  - usesintervals: False
 ...  ... Diagnostic: 
 ...  ...  ...  - E:\bigi\Workspace\sppas\samples\samples-fra\SR_track_631-palign.xra: Valide. 
 ...  ... [    OK    ] E:\bigi\Workspace\sppas\samples\samples-fra\SR_track_631-salign.xra

 ... Syllabification of file E:\bigi\Workspace\sppas\samples\samples-fra\YM_track_0182.wav
 ...  ... Options: 
 ...  ...  ...  - usesphons: True
 ...  ...  ...  - tiername: TokensAlign
 ...  ...  ...  - usesintervals: False
 ...  ... Diagnostic: 
 ...  ...  ...  - E:\bigi\Workspace\sppas\samples\samples-fra\YM_track_0182-palign.xra: Valide. 
 ...  ... [    OK    ] E:\bigi\Workspace\sppas\samples\samples-fra\YM_track_0182-salign.xra

------------------------------------------------------------------------------

------------------------------------------------------------------------------
 ... Merge outputs E:\bigi\Workspace\sppas\samples\samples-fra\AC track_0379.wav
 ...  ... [    OK    ] E:\bigi\Workspace\sppas\samples\samples-fra\AC track_0379-merge.TextGrid

 ... Merge outputs E:\bigi\Workspace\sppas\samples\samples-fra\AG_éàç_0460.wav
 ...  ... [    OK    ] E:\bigi\Workspace\sppas\samples\samples-fra\AG_éàç_0460-merge.TextGrid

 ... Merge outputs E:\bigi\Workspace\sppas\samples\samples-fra\AP_track_0711.wav
 ...  ... [    OK    ] E:\bigi\Workspace\sppas\samples\samples-fra\AP_track_0711-merge.TextGrid

 ... Merge outputs E:\bigi\Workspace\sppas\samples\samples-fra\AP_track_0968.wav
 ...  ... [    OK    ] E:\bigi\Workspace\sppas\samples\samples-fra\AP_track_0968-merge.TextGrid

 ... Merge outputs E:\bigi\Workspace\sppas\samples\samples-fra\BX_track_0451.wav
 ...  ... [    OK    ] E:\bigi\Workspace\sppas\samples\samples-fra\BX_track_0451-merge.TextGrid

 ... Merge outputs E:\bigi\Workspace\sppas\samples\samples-fra\EB_track_0641.wav
 ...  ... [    OK    ] E:\bigi\Workspace\sppas\samples\samples-fra\EB_track_0641-merge.TextGrid

 ... Merge outputs E:\bigi\Workspace\sppas\samples\samples-fra\F_F_B003-P8.wav
 ...  ... [    OK    ] E:\bigi\Workspace\sppas\samples\samples-fra\F_F_B003-P8-merge.TextGrid

 ... Merge outputs E:\bigi\Workspace\sppas\samples\samples-fra\F_F_B003-P9.wav
 ...  ... [    OK    ] E:\bigi\Workspace\sppas\samples\samples-fra\F_F_B003-P9-merge.TextGrid

 ... Merge outputs E:\bigi\Workspace\sppas\samples\samples-fra\F_F_C006-P6.wav
 ...  ... [    OK    ] E:\bigi\Workspace\sppas\samples\samples-fra\F_F_C006-P6-merge.TextGrid

 ... Merge outputs E:\bigi\Workspace\sppas\samples\samples-fra\IM_track_0767.wav
 ...  ... [    OK    ] E:\bigi\Workspace\sppas\samples\samples-fra\IM_track_0767-merge.TextGrid

 ... Merge outputs E:\bigi\Workspace\sppas\samples\samples-fra\LJ_track_0431.wav
 ...  ... [    OK    ] E:\bigi\Workspace\sppas\samples\samples-fra\LJ_track_0431-merge.TextGrid

 ... Merge outputs E:\bigi\Workspace\sppas\samples\samples-fra\MB_track_0674.wav
 ...  ... [    OK    ] E:\bigi\Workspace\sppas\samples\samples-fra\MB_track_0674-merge.TextGrid

 ... Merge outputs E:\bigi\Workspace\sppas\samples\samples-fra\MG_track_0702.wav
 ...  ... [    OK    ] E:\bigi\Workspace\sppas\samples\samples-fra\MG_track_0702-merge.TextGrid

 ... Merge outputs E:\bigi\Workspace\sppas\samples\samples-fra\ML_track_0597.wav
 ...  ... [    OK    ] E:\bigi\Workspace\sppas\samples\samples-fra\ML_track_0597-merge.TextGrid

 ... Merge outputs E:\bigi\Workspace\sppas\samples\samples-fra\NH_track_636.wav
 ...  ... [    OK    ] E:\bigi\Workspace\sppas\samples\samples-fra\NH_track_636-merge.TextGrid

 ... Merge outputs E:\bigi\Workspace\sppas\samples\samples-fra\SR_track_631.wav
 ...  ... [    OK    ] E:\bigi\Workspace\sppas\samples\samples-fra\SR_track_631-merge.TextGrid

 ... Merge outputs E:\bigi\Workspace\sppas\samples\samples-fra\YM_track_0182.wav
 ...  ... [    OK    ] E:\bigi\Workspace\sppas\samples\samples-fra\YM_track_0182-merge.TextGrid

------------------------------------------------------------------------------
Result statistics:
------------------------------------------------------------------------------
  - Momel: 2
  - INTSINT: 2
  - IPUs Segmentation: -1
  - Text Normalization: 17
  - Phonetization: 17
  - Alignment: 17
  - Syllabification: 17
  - Self-repetitions: -1
------------------------------------------------------------------------------
