[31;01mE:\bigi\Projets\sppas\private\sphinx-doc\index.rst:: WARNING: image file not readable: ../etc/images/background-header.jpg[39;49;00m
[31;01mE:\bigi\Projets\sppas\sppas\src\anndata\aio\readwrite.py:docstring of anndata.sppasRW.read:4: WARNING: Field list ends without a blank line; unexpected unindent.[39;49;00m
[31;01mE:\bigi\Projets\sppas\sppas\src\anndata\transcription.py:docstring of anndata.sppasTranscription:21: WARNING: Bullet list ends without a blank line; unexpected unindent.[39;49;00m
[31;01mE:\bigi\Projets\sppas\sppas\src\anndata\annlabel\tag.py:docstring of anndata.sppasTag.__init__:5: WARNING: Field list ends without a blank line; unexpected unindent.[39;49;00m
[31;01mE:\bigi\Projets\sppas\sppas\src\anndata\annlabel\tag.py:docstring of anndata.sppasTag.set_content:5: WARNING: Field list ends without a blank line; unexpected unindent.[39;49;00m
[31;01mE:\bigi\Projets\sppas\sppas\src\anndata\annlocation\point.py:docstring of anndata.sppasPoint.__init__:5: WARNING: Field list ends without a blank line; unexpected unindent.[39;49;00m
[31;01mE:\bigi\Projets\sppas\sppas\src\anndata\anndataexc.py:docstring of anndata.anndataexc.AioEmptyTierError:2: WARNING: Field list ends without a blank line; unexpected unindent.[39;49;00m
[31;01mE:\bigi\Projets\sppas\sppas\src\anndata\anndataexc.py:docstring of anndata.anndataexc.AioEncodingError:2: WARNING: Field list ends without a blank line; unexpected unindent.[39;49;00m
[31;01mE:\bigi\Projets\sppas\sppas\src\anndata\anndataexc.py:docstring of anndata.anndataexc.AioError:2: WARNING: Field list ends without a blank line; unexpected unindent.[39;49;00m
[31;01mE:\bigi\Projets\sppas\sppas\src\anndata\anndataexc.py:docstring of anndata.anndataexc.AioFileExtensionError:2: WARNING: Field list ends without a blank line; unexpected unindent.[39;49;00m
[31;01mE:\bigi\Projets\sppas\sppas\src\anndata\anndataexc.py:docstring of anndata.anndataexc.AioFormatError:2: WARNING: Field list ends without a blank line; unexpected unindent.[39;49;00m
[31;01mE:\bigi\Projets\sppas\sppas\src\anndata\anndataexc.py:docstring of anndata.anndataexc.AioLineFormatError:2: WARNING: Field list ends without a blank line; unexpected unindent.[39;49;00m
[31;01mE:\bigi\Projets\sppas\sppas\src\anndata\anndataexc.py:docstring of anndata.anndataexc.AioLocationTypeError:2: WARNING: Field list ends without a blank line; unexpected unindent.[39;49;00m
[31;01mE:\bigi\Projets\sppas\sppas\src\anndata\anndataexc.py:docstring of anndata.anndataexc.AioMultiTiersError:2: WARNING: Field list ends without a blank line; unexpected unindent.[39;49;00m
[31;01mE:\bigi\Projets\sppas\sppas\src\anndata\anndataexc.py:docstring of anndata.anndataexc.AioNoTiersError:2: WARNING: Field list ends without a blank line; unexpected unindent.[39;49;00m
[31;01mE:\bigi\Projets\sppas\sppas\src\anndata\anndataexc.py:docstring of anndata.anndataexc.AnnDataEqError:2: WARNING: Field list ends without a blank line; unexpected unindent.[39;49;00m
[31;01mE:\bigi\Projets\sppas\sppas\src\anndata\anndataexc.py:docstring of anndata.anndataexc.AnnDataEqTypeError:2: WARNING: Field list ends without a blank line; unexpected unindent.[39;49;00m
[31;01mE:\bigi\Projets\sppas\sppas\src\anndata\anndataexc.py:docstring of anndata.anndataexc.AnnDataError:2: WARNING: Field list ends without a blank line; unexpected unindent.[39;49;00m
[31;01mE:\bigi\Projets\sppas\sppas\src\anndata\anndataexc.py:docstring of anndata.anndataexc.AnnDataIndexError:2: WARNING: Field list ends without a blank line; unexpected unindent.[39;49;00m
[31;01mE:\bigi\Projets\sppas\sppas\src\anndata\anndataexc.py:docstring of anndata.anndataexc.AnnDataKeyError:2: WARNING: Field list ends without a blank line; unexpected unindent.[39;49;00m
[31;01mE:\bigi\Projets\sppas\sppas\src\anndata\anndataexc.py:docstring of anndata.anndataexc.AnnDataNegValueError:2: WARNING: Field list ends without a blank line; unexpected unindent.[39;49;00m
[31;01mE:\bigi\Projets\sppas\sppas\src\anndata\anndataexc.py:docstring of anndata.anndataexc.AnnDataTypeError:2: WARNING: Field list ends without a blank line; unexpected unindent.[39;49;00m
[31;01mE:\bigi\Projets\sppas\sppas\src\anndata\anndataexc.py:docstring of anndata.anndataexc.AnnDataValueError:2: WARNING: Field list ends without a blank line; unexpected unindent.[39;49;00m
[31;01mE:\bigi\Projets\sppas\sppas\src\anndata\anndataexc.py:docstring of anndata.anndataexc.AnnUnkTypeError:2: WARNING: Field list ends without a blank line; unexpected unindent.[39;49;00m
[31;01mE:\bigi\Projets\sppas\sppas\src\anndata\anndataexc.py:docstring of anndata.anndataexc.CtrlVocabContainsError:2: WARNING: Field list ends without a blank line; unexpected unindent.[39;49;00m
[31;01mE:\bigi\Projets\sppas\sppas\src\anndata\anndataexc.py:docstring of anndata.anndataexc.CtrlVocabSetTierError:2: WARNING: Field list ends without a blank line; unexpected unindent.[39;49;00m
[31;01mE:\bigi\Projets\sppas\sppas\src\anndata\anndataexc.py:docstring of anndata.anndataexc.HierarchyAlignmentError:2: WARNING: Field list ends without a blank line; unexpected unindent.[39;49;00m
[31;01mE:\bigi\Projets\sppas\sppas\src\anndata\anndataexc.py:docstring of anndata.anndataexc.HierarchyAncestorTierError:2: WARNING: Field list ends without a blank line; unexpected unindent.[39;49;00m
[31;01mE:\bigi\Projets\sppas\sppas\src\anndata\anndataexc.py:docstring of anndata.anndataexc.HierarchyAssociationError:2: WARNING: Field list ends without a blank line; unexpected unindent.[39;49;00m
[31;01mE:\bigi\Projets\sppas\sppas\src\anndata\anndataexc.py:docstring of anndata.anndataexc.HierarchyChildTierError:2: WARNING: Field list ends without a blank line; unexpected unindent.[39;49;00m
[31;01mE:\bigi\Projets\sppas\sppas\src\anndata\anndataexc.py:docstring of anndata.anndataexc.HierarchyParentTierError:2: WARNING: Field list ends without a blank line; unexpected unindent.[39;49;00m
[31;01mE:\bigi\Projets\sppas\sppas\src\anndata\anndataexc.py:docstring of anndata.anndataexc.IntervalBoundsError:2: WARNING: Field list ends without a blank line; unexpected unindent.[39;49;00m
[31;01mE:\bigi\Projets\sppas\sppas\src\anndata\anndataexc.py:docstring of anndata.anndataexc.TagValueError:2: WARNING: Field list ends without a blank line; unexpected unindent.[39;49;00m
[31;01mE:\bigi\Projets\sppas\sppas\src\anndata\anndataexc.py:docstring of anndata.anndataexc.TierAddError:2: WARNING: Field list ends without a blank line; unexpected unindent.[39;49;00m
[31;01mE:\bigi\Projets\sppas\sppas\src\anndata\anndataexc.py:docstring of anndata.anndataexc.TierAppendError:2: WARNING: Field list ends without a blank line; unexpected unindent.[39;49;00m
[31;01mE:\bigi\Projets\sppas\sppas\src\anndata\anndataexc.py:docstring of anndata.anndataexc.TierHierarchyError:2: WARNING: Field list ends without a blank line; unexpected unindent.[39;49;00m
[31;01mE:\bigi\Projets\sppas\sppas\src\anndata\anndataexc.py:docstring of anndata.anndataexc.TrsAddError:2: WARNING: Field list ends without a blank line; unexpected unindent.[39;49;00m
[31;01mE:\bigi\Projets\sppas\sppas\src\anndata\anndataexc.py:docstring of anndata.anndataexc.TrsInvalidTierError:2: WARNING: Field list ends without a blank line; unexpected unindent.[39;49;00m
[31;01mE:\bigi\Projets\sppas\sppas\src\anndata\anndataexc.py:docstring of anndata.anndataexc.TrsRemoveError:2: WARNING: Field list ends without a blank line; unexpected unindent.[39;49;00m
[31;01mE:\bigi\Projets\sppas\sppas\src\anndata\filters.py:docstring of anndata.filters:42: WARNING: Inline substitution_reference start-string without end-string.[39;49;00m
[31;01mE:\bigi\Projets\sppas\sppas\src\anndata\filters.py:docstring of anndata.filters:55: WARNING: Field list ends without a blank line; unexpected unindent.[39;49;00m
[31;01mE:\bigi\Projets\sppas\sppas\src\anndata\transcription.py:docstring of anndata.transcription.sppasTranscription:21: WARNING: Bullet list ends without a blank line; unexpected unindent.[39;49;00m
[31mE:\bigi\Projets\sppas\sppas\src\anndata\annlocation\point.py:docstring of anndata.sppasPoint:17: WARNING: Undefined substitution referenced: "x - y".[39;49;00m
[31mE:\bigi\Projets\sppas\sppas\src\anndata\filters.py:docstring of anndata.sppasFilters.tag:3: WARNING: Unknown target name: "not".[39;49;00m
[31mE:\bigi\Projets\sppas\sppas\src\anndata\filters.py:docstring of anndata.filters.sppasFilters.tag:3: WARNING: Unknown target name: "not".[39;49;00m
[31;01mE:\bigi\Projets\sppas\sppas\src\anndata\aio\aioutils.py:docstring of anndata.aio.aioutils.point2interval:4: WARNING: Bullet list ends without a blank line; unexpected unindent.[39;49;00m
[31;01mE:\bigi\Projets\sppas\sppas\src\anndata\aio\annotationpro.py:docstring of anndata.aio.annotationpro:31: WARNING: Title underline too short.

src.anndata.aio.annotationpro.py
~~~~~~~~~~~~~~~~~~~~~~~~~~~~~~~[39;49;00m
[31;01mE:\bigi\Projets\sppas\sppas\src\anndata\aio\anvil.py:docstring of anndata.aio.anvil:31: WARNING: Title underline too short.

src.anndata.aio.anvil.py
~~~~~~~~~~~~~~~~~~~~~~~[39;49;00m
[31;01mE:\bigi\Projets\sppas\sppas\src\anndata\aio\basetrs.py:docstring of anndata.aio.basetrs.sppasBaseIO.__init__:5: WARNING: Field list ends without a blank line; unexpected unindent.[39;49;00m
[31;01mE:\bigi\Projets\sppas\sppas\src\anndata\aio\elan.py:docstring of anndata.aio.elan.sppasEAF.make_point:5: WARNING: Field list ends without a blank line; unexpected unindent.[39;49;00m
[31;01mE:\bigi\Projets\sppas\sppas\src\anndata\aio\phonedit.py:docstring of anndata.aio.phonedit.sppasSignaix.read:9: WARNING: Field list ends without a blank line; unexpected unindent.[39;49;00m
[31;01mE:\bigi\Projets\sppas\sppas\src\anndata\aio\praat.py:docstring of anndata.aio.praat:35: WARNING: Inline substitution_reference start-string without end-string.[39;49;00m
[31;01mE:\bigi\Projets\sppas\sppas\src\anndata\aio\praat.py:docstring of anndata.aio.praat:35: WARNING: Inline substitution_reference start-string without end-string.[39;49;00m
[31;01mE:\bigi\Projets\sppas\sppas\src\anndata\aio\praat.py:docstring of anndata.aio.praat:35: WARNING: Inline substitution_reference start-string without end-string.[39;49;00m
[31;01mE:\bigi\Projets\sppas\sppas\src\anndata\aio\praat.py:docstring of anndata.aio.praat:35: WARNING: Inline substitution_reference start-string without end-string.[39;49;00m
[31;01mE:\bigi\Projets\sppas\sppas\src\anndata\aio\praat.py:docstring of anndata.aio.praat:35: WARNING: Inline substitution_reference start-string without end-string.[39;49;00m
[31;01mE:\bigi\Projets\sppas\sppas\src\anndata\aio\readwrite.py:docstring of anndata.aio.readwrite.sppasRW.read:4: WARNING: Field list ends without a blank line; unexpected unindent.[39;49;00m
[31;01mE:\bigi\Projets\sppas\sppas\src\anndata\aio\sclite.py:docstring of anndata.aio.sclite.sppasCTM:24: WARNING: Definition list ends without a blank line; unexpected unindent.[39;49;00m
[31;01mE:\bigi\Projets\sppas\sppas\src\anndata\aio\sclite.py:docstring of anndata.aio.sclite.sppasCTM:34: WARNING: Bullet list ends without a blank line; unexpected unindent.[39;49;00m
E:\bigi\Projets\sppas\sppas\src\anndata\aio\sclite.py:docstring of anndata.aio.sclite.sppasCTM:34: WARNING: Unexpected section title or transition.

============================
[31;01mE:\bigi\Projets\sppas\sppas\src\anndata\aio\sclite.py:docstring of anndata.aio.sclite.sppasSTM:21: WARNING: Definition list ends without a blank line; unexpected unindent.[39;49;00m
[31mE:\bigi\Projets\sppas\sppas\src\anndata\aio\sclite.py:docstring of anndata.aio.sclite.sppasSTM:23: WARNING: Unexpected indentation.[39;49;00m
[31;01mE:\bigi\Projets\sppas\sppas\src\anndata\aio\sclite.py:docstring of anndata.aio.sclite.sppasSTM:24: WARNING: Block quote ends without a blank line; unexpected unindent.[39;49;00m
[31mE:\bigi\Projets\sppas\sppas\src\anndata\aio\sclite.py:docstring of anndata.aio.sclite.sppasSTM:26: WARNING: Unexpected indentation.[39;49;00m
[31;01mE:\bigi\Projets\sppas\sppas\src\anndata\aio\sclite.py:docstring of anndata.aio.sclite.sppasSTM:27: WARNING: Block quote ends without a blank line; unexpected unindent.[39;49;00m
[31;01mE:\bigi\Projets\sppas\sppas\src\anndata\aio\sclite.py:docstring of anndata.aio.sclite.sppasSTM:29: WARNING: Enumerated list ends without a blank line; unexpected unindent.[39;49;00m
[31mE:\bigi\Projets\sppas\sppas\src\anndata\aio\sclite.py:docstring of anndata.aio.sclite.sppasSTM:32: WARNING: Unexpected indentation.[39;49;00m
[31;01mE:\bigi\Projets\sppas\sppas\src\anndata\aio\text.py:docstring of anndata.aio.text.sppasBaseText.fix_location:4: WARNING: Field list ends without a blank line; unexpected unindent.[39;49;00m
[31;01mE:\bigi\Projets\sppas\sppas\src\anndata\aio\text.py:docstring of anndata.aio.text.sppasCSV.read:6: WARNING: Field list ends without a blank line; unexpected unindent.[39;49;00m
[31;01mE:\bigi\Projets\sppas\sppas\src\anndata\aio\text.py:docstring of anndata.aio.text.sppasCSV.write:5: WARNING: Field list ends without a blank line; unexpected unindent.[39;49;00m
[31;01mE:\bigi\Projets\sppas\sppas\src\anndata\aio\weka.py:docstring of anndata.aio.weka.sppasWEKA:11: WARNING: Bullet list ends without a blank line; unexpected unindent.[39;49;00m
[31;01mE:\bigi\Projets\sppas\sppas\src\anndata\aio\weka.py:docstring of anndata.aio.weka.sppasWEKA:21: WARNING: Bullet list ends without a blank line; unexpected unindent.[39;49;00m
[31mE:\bigi\Projets\sppas\sppas\src\anndata\aio\weka.py:docstring of anndata.aio.weka.sppasWEKA:25: WARNING: Unexpected indentation.[39;49;00m
[31;01mE:\bigi\Projets\sppas\sppas\src\anndata\aio\weka.py:docstring of anndata.aio.weka.sppasWEKA:26: WARNING: Block quote ends without a blank line; unexpected unindent.[39;49;00m
[31;01mE:\bigi\Projets\sppas\sppas\src\anndata\aio\weka.py:docstring of anndata.aio.weka.sppasWEKA:27: WARNING: Bullet list ends without a blank line; unexpected unindent.[39;49;00m
[31;01mE:\bigi\Projets\sppas\sppas\src\anndata\aio\weka.py:docstring of anndata.aio.weka.sppasWEKA.check_max_attributes_tags:4: WARNING: Field list ends without a blank line; unexpected unindent.[39;49;00m
[31;01mE:\bigi\Projets\sppas\sppas\src\anndata\aio\weka.py:docstring of anndata.aio.weka.sppasWEKA.check_max_class_tags:4: WARNING: Field list ends without a blank line; unexpected unindent.[39;49;00m
[31;01mE:\bigi\Projets\sppas\sppas\src\anndata\aio\weka.py:docstring of anndata.aio.weka.sppasWEKA.set_empty_annotation_class_tag:5: WARNING: Field list ends without a blank line; unexpected unindent.[39;49;00m
[31;01mE:\bigi\Projets\sppas\sppas\src\anndata\aio\weka.py:docstring of anndata.aio.weka.sppasWEKA.set_max_attributes_tags:5: WARNING: Field list ends without a blank line; unexpected unindent.[39;49;00m
[31;01mE:\bigi\Projets\sppas\sppas\src\anndata\aio\weka.py:docstring of anndata.aio.weka.sppasWEKA.set_max_class_tags:4: WARNING: Field list ends without a blank line; unexpected unindent.[39;49;00m
[31;01mWARNING: html_static_path entry u'E:\\bigi\\Projets\\sppas\\private\\sphinx-doc\\_static' does not exist[39;49;00m
