  [
+---------------------------------------------------------------------
| In /home/bigi/Python/sppas/sppas/src/annotationdata/__init__.py:
| Import failed (but source code parsing was successful).
|     Error: ImportError: No module named annotationdata.transcription
|            (line 38)
|   
  [
+---------------------------------------------------------------------
| In /home/bigi/Python/sppas/sppas/src/annotationdata/pitch.py:
| Import failed (but source code parsing was successful).
|     Error: ImportError: No module named annotationdata.transcription
|            (line 38)
|   
  [
+---------------------------------------------------------------------
| In /home/bigi/Python/sppas/sppas/src/annotationdata/annotation.py:
| Import failed (but source code parsing was successful).
|     Error: ImportError: No module named annotationdata.transcription
|            (line 38)
|   
  [.
+---------------------------------------------------------------------
| In /home/bigi/Python/sppas/sppas/src/annotationdata/media.py:
| Import failed (but source code parsing was successful).
|     Error: ImportError: No module named annotationdata.transcription
|            (line 38)
|   
  [.
+---------------------------------------------------------------------
| In /home/bigi/Python/sppas/sppas/src/annotationdata/
| transcription.py:
| Import failed (but source code parsing was successful).
|     Error: ImportError: No module named annotationdata.transcription
|            (line 38)
|   
  [.
+---------------------------------------------------------------------
| In /home/bigi/Python/sppas/sppas/src/annotationdata/ctrlvocab.py:
| Import failed (but source code parsing was successful).
|     Error: ImportError: No module named annotationdata.transcription
|            (line 38)
|   
  [..
+---------------------------------------------------------------------
| In /home/bigi/Python/sppas/sppas/src/annotationdata/meta.py:
| Import failed (but source code parsing was successful).
|     Error: ImportError: No module named annotationdata.transcription
|            (line 38)
|   
  [..
+---------------------------------------------------------------------
| In /home/bigi/Python/sppas/sppas/src/annotationdata/tier.py:
| Import failed (but source code parsing was successful).
|     Error: ImportError: No module named annotationdata.transcription
|            (line 38)
|   
  [..
+---------------------------------------------------------------------
| In /home/bigi/Python/sppas/sppas/src/annotationdata/hierarchy.py:
| Import failed (but source code parsing was successful).
|     Error: ImportError: No module named annotationdata.transcription
|            (line 38)
|   
  [...
+---------------------------------------------------------------------
| In /home/bigi/Python/sppas/sppas/src/annotationdata/ptime/
| __init__.py:
| Import failed (but source code parsing was successful).
|     Error: ImportError: No module named annotationdata.transcription
|            (line 38)
|   
  [...
+---------------------------------------------------------------------
| In /home/bigi/Python/sppas/sppas/src/annotationdata/ptime/
| framedisjoint.py:
| Import failed (but source code parsing was successful).
|     Error: ImportError: No module named annotationdata.transcription
|            (line 38)
|   
  [...
+---------------------------------------------------------------------
| In /home/bigi/Python/sppas/sppas/src/annotationdata/ptime/
| disjoint.py:
| Import failed (but source code parsing was successful).
|     Error: ImportError: No module named annotationdata.transcription
|            (line 38)
|   
  [....
+---------------------------------------------------------------------
| In /home/bigi/Python/sppas/sppas/src/annotationdata/ptime/
| localization.py:
| Import failed (but source code parsing was successful).
|     Error: ImportError: No module named annotationdata.transcription
|            (line 38)
|   
  [....
+---------------------------------------------------------------------
| In /home/bigi/Python/sppas/sppas/src/annotationdata/ptime/
| baseplacement.py:
| Import failed (but source code parsing was successful).
|     Error: ImportError: No module named annotationdata.transcription
|            (line 38)
|   
  [....
+---------------------------------------------------------------------
| In /home/bigi/Python/sppas/sppas/src/annotationdata/ptime/
| framepoint.py:
| Import failed (but source code parsing was successful).
|     Error: ImportError: No module named annotationdata.transcription
|            (line 38)
|   
  [.....
+---------------------------------------------------------------------
| In /home/bigi/Python/sppas/sppas/src/annotationdata/ptime/
| frameinterval.py:
| Import failed (but source code parsing was successful).
|     Error: ImportError: No module named annotationdata.transcription
|            (line 38)
|   
  [.....
+---------------------------------------------------------------------
| In /home/bigi/Python/sppas/sppas/src/annotationdata/ptime/
| interval.py:
| Import failed (but source code parsing was successful).
|     Error: ImportError: No module named annotationdata.transcription
|            (line 38)
|   
  [.....
+---------------------------------------------------------------------
| In /home/bigi/Python/sppas/sppas/src/annotationdata/ptime/point.py:
| Import failed (but source code parsing was successful).
|     Error: ImportError: No module named annotationdata.transcription
|            (line 38)
|   
  [......
+---------------------------------------------------------------------
| In /home/bigi/Python/sppas/sppas/src/annotationdata/ptime/
| location.py:
| Import failed (but source code parsing was successful).
|     Error: ImportError: No module named annotationdata.transcription
|            (line 38)
|   
  [......
+---------------------------------------------------------------------
| In /home/bigi/Python/sppas/sppas/src/annotationdata/utils/
| __init__.py:
| Import failed (but source code parsing was successful).
|     Error: ImportError: No module named annotationdata.transcription
|            (line 38)
|   
  [.......
+---------------------------------------------------------------------
| In /home/bigi/Python/sppas/sppas/src/annotationdata/utils/
| tierutils.py:
| Import failed (but source code parsing was successful).
|     Error: ImportError: No module named annotationdata.transcription
|            (line 38)
|   
  [.......
+---------------------------------------------------------------------
| In /home/bigi/Python/sppas/sppas/src/annotationdata/utils/
| deprecated.py:
| Import failed (but source code parsing was successful).
|     Error: ImportError: No module named annotationdata.transcription
|            (line 38)
|   
  [.......
+---------------------------------------------------------------------
| In /home/bigi/Python/sppas/sppas/src/annotationdata/utils/
| trsutils.py:
| Import failed (but source code parsing was successful).
|     Error: ImportError: No module named annotationdata.transcription
|            (line 38)
|   
  [........
+---------------------------------------------------------------------
| In /home/bigi/Python/sppas/sppas/src/annotationdata/io/__init__.py:
| Import failed (but source code parsing was successful).
|     Error: ImportError: No module named annotationdata.transcription
|            (line 38)
|   
  [........
+---------------------------------------------------------------------
| In /home/bigi/Python/sppas/sppas/src/annotationdata/io/anvil.py:
| Import failed (but source code parsing was successful).
|     Error: ImportError: No module named annotationdata.transcription
|            (line 38)
|   
  [.........
+---------------------------------------------------------------------
| In /home/bigi/Python/sppas/sppas/src/annotationdata/io/praat.py:
| Import failed (but source code parsing was successful).
|     Error: ImportError: No module named annotationdata.transcription
|            (line 38)
|   
  [.........
+---------------------------------------------------------------------
| In /home/bigi/Python/sppas/sppas/src/annotationdata/io/
| transcriber.py:
| Import failed (but source code parsing was successful).
|     Error: ImportError: No module named annotationdata.transcription
|            (line 38)
|   
  [.........
+---------------------------------------------------------------------
| In /home/bigi/Python/sppas/sppas/src/annotationdata/io/htk.py:
| Import failed (but source code parsing was successful).
|     Error: ImportError: No module named annotationdata.transcription
|            (line 38)
|   
  [..........
+---------------------------------------------------------------------
| In /home/bigi/Python/sppas/sppas/src/annotationdata/io/xra.py:
| Import failed (but source code parsing was successful).
|     Error: ImportError: No module named annotationdata.transcription
|            (line 38)
|   
  [..........
+---------------------------------------------------------------------
| In /home/bigi/Python/sppas/sppas/src/annotationdata/io/heuristic.py:
| Import failed (but source code parsing was successful).
|     Error: ImportError: No module named annotationdata.transcription
|            (line 38)
|   
  [...........
+---------------------------------------------------------------------
| In /home/bigi/Python/sppas/sppas/src/annotationdata/io/signaix.py:
| Import failed (but source code parsing was successful).
|     Error: ImportError: No module named annotationdata.transcription
|            (line 38)
|   
  [...........
+---------------------------------------------------------------------
| In /home/bigi/Python/sppas/sppas/src/annotationdata/io/phonedit.py:
| Import failed (but source code parsing was successful).
|     Error: ImportError: No module named annotationdata.transcription
|            (line 38)
|   
  [...........
+---------------------------------------------------------------------
| In /home/bigi/Python/sppas/sppas/src/annotationdata/io/utils.py:
| Import failed (but source code parsing was successful).
|     Error: ImportError: No module named annotationdata.transcription
|            (line 38)
|   
  [............
+---------------------------------------------------------------------
| In /home/bigi/Python/sppas/sppas/src/annotationdata/io/
| trsfactory.py:
| Import failed (but source code parsing was successful).
|     Error: ImportError: No module named annotationdata.transcription
|            (line 38)
|   
  [............
+---------------------------------------------------------------------
| In /home/bigi/Python/sppas/sppas/src/annotationdata/io/subtitle.py:
| Import failed (but source code parsing was successful).
|     Error: ImportError: No module named annotationdata.transcription
|            (line 38)
|   
  [............
+---------------------------------------------------------------------
| In /home/bigi/Python/sppas/sppas/src/annotationdata/io/
| annotationpro.py:
| Import failed (but source code parsing was successful).
|     Error: ImportError: No module named annotationdata.transcription
|            (line 38)
|   
  [.............
+---------------------------------------------------------------------
| In /home/bigi/Python/sppas/sppas/src/annotationdata/io/elan.py:
| Import failed (but source code parsing was successful).
|     Error: ImportError: No module named annotationdata.transcription
|            (line 38)
|   
  [.............
+---------------------------------------------------------------------
| In /home/bigi/Python/sppas/sppas/src/annotationdata/io/sclite.py:
| Import failed (but source code parsing was successful).
|     Error: ImportError: No module named annotationdata.transcription
|            (line 38)
|   
  [.............
+---------------------------------------------------------------------
| In /home/bigi/Python/sppas/sppas/src/annotationdata/io/text.py:
| Import failed (but source code parsing was successful).
|     Error: ImportError: No module named annotationdata.transcription
|            (line 38)
|   
  [..............
+---------------------------------------------------------------------
| In /home/bigi/Python/sppas/sppas/src/annotationdata/label/
| __init__.py:
| Import failed (but source code parsing was successful).
|     Error: ImportError: No module named annotationdata.transcription
|            (line 38)
|   
  [...............
+---------------------------------------------------------------------
| In /home/bigi/Python/sppas/sppas/src/annotationdata/label/text.py:
| Import failed (but source code parsing was successful).
|     Error: ImportError: No module named annotationdata.transcription
|            (line 38)
|   
  [...............
+---------------------------------------------------------------------
| In /home/bigi/Python/sppas/sppas/src/annotationdata/label/label.py:
| Import failed (but source code parsing was successful).
|     Error: ImportError: No module named annotationdata.transcription
|            (line 38)
|   
  [...............
+---------------------------------------------------------------------
| In /home/bigi/Python/sppas/sppas/src/annotationdata/filter/
| __init__.py:
| Import failed (but source code parsing was successful).
|     Error: ImportError: No module named annotationdata.transcription
|            (line 38)
|   
  [................
+---------------------------------------------------------------------
| In /home/bigi/Python/sppas/sppas/src/annotationdata/filter/
| _bools.py:
| Import failed (but source code parsing was successful).
|     Error: ImportError: No module named annotationdata.transcription
|            (line 38)
|   
  [................
+---------------------------------------------------------------------
| In /home/bigi/Python/sppas/sppas/src/annotationdata/filter/
| filters.py:
| Import failed (but source code parsing was successful).
|     Error: ImportError: No module named annotationdata.transcription
|            (line 38)
|   
  [.................
+---------------------------------------------------------------------
| In /home/bigi/Python/sppas/sppas/src/annotationdata/filter/
| _relations.py:
| Import failed (but source code parsing was successful).
|     Error: ImportError: No module named annotationdata.transcription
|            (line 38)
|   
  [.................
+---------------------------------------------------------------------
| In /home/bigi/Python/sppas/sppas/src/annotationdata/filter/
| predicate.py:
| Import failed (but source code parsing was successful).
|     Error: ImportError: No module named annotationdata.transcription
|            (line 38)
|   
  [.................................
  Error: Error reading pstat file: [Errno 2] No such file or 
         directory: 'profile.out'
Warning: Could not find top page 'annotationdata'; using 
         module-tree.html instead
  [.........................................................................]
Warning: 109 markup errors were found while processing docstrings.  
         Use the verbose switch (-v) to display markup errors.
